<?xml version="1.0" encoding="UTF-8"?>
<testng-results skipped="0" failed="0" ignored="0" total="1" passed="1">
  <reporter-output>
  </reporter-output>
  <suite name="Default suite" duration-ms="4984" started-at="2018-06-12T11:16:42Z" finished-at="2018-06-12T11:16:47Z">
    <groups>
    </groups>
    <test name="Default test" duration-ms="4984" started-at="2018-06-12T11:16:42Z" finished-at="2018-06-12T11:16:47Z">
      <class name="demo.Rest.Framework.Template.Update">
        <test-method status="PASS" signature="Login()[pri:0, instance:demo.Rest.Framework.Template.Update@3b0143d3]" name="Login" duration-ms="4905" started-at="2018-06-12T11:16:43Z" finished-at="2018-06-12T11:16:47Z">
          <reporter-output>
          </reporter-output>
        </test-method> <!-- Login -->
      </class> <!-- demo.Rest.Framework.Template.Update -->
    </test> <!-- Default test -->
  </suite> <!-- Default suite -->
</testng-results>
